This is e-pTeX, Version 3.14159265-p3.8.2-190131-2.6 (utf8.euc) (TeX Live 2019) (preloaded format=platex 2020.4.6)  6 MAY 2020 01:29
entering extended mode
 restricted \write18 enabled.
 %&-line parsing enabled.
**hirano_rinkou0512.tex
(./hirano_rinkou0512.tex
pLaTeX2e <2019-04-06> (based on LaTeX2e <2018-12-01>)
(./ieicej.cls
Document Class: ieicej 2000/11/02 v1.1 for Transactions of IEICE
\@JQ=\dimen118
\@Q=\dimen119
\@EM=\dimen120
\c@@paper=\count83
LaTeX Font Info:    External font `min9 at8.8711pt' loaded for size
(Font)              <9> on input line 283.
\@authorlist=\toks15
\@authorcnt=\count84
\@alcnt=\count85
\p@alcnt=\count86
\@totalnumber=\count87
\authornamesep=\dimen121
\@spcnt=\count88
\alignorder=\count89
\totalnumberm@ne=\count90
\@authorcntp@ne=\count91
\chk@alcnt=\count92
\chk@p@alcnt=\count93
\eabstractbox=\box43
\ekeywordbox=\box44
\Pauthorsep=\dimen122
\titlepagebaselineskip=\dimen123
\abstractbox=\box45
\keywordbox=\box46
\Lauthorsep=\dimen124
\LPauthorsep=\dimen125
\c@section=\count94
\c@subsection=\count95
\c@subsubsection=\count96
\c@paragraph=\count97
\c@subparagraph=\count98
LaTeX Font Info:    Font shape `JT1/gt/b/n' in size <10.34961> not available
(Font)              Font shape `JT1/gt/m/n' tried instead on input line 2108.
LaTeX Font Info:    Font shape `JY1/gt/b/n' in size <10.34961> not available
(Font)              Font shape `JY1/gt/m/n' tried instead on input line 2108.
\@hlskip=\skip41
\verbatimleftmargin=\dimen126
\verbatimbaselineskip=\dimen127
\c@figure=\count99
\c@table=\count100
\abovecaptionskip=\skip42
\belowcaptionskip=\skip43
\@tempboxb=\box47
\capwidth=\dimen128
\ecapwidth=\dimen129
\symmincho=\mathgroup4
LaTeX Font Info:    Overwriting symbol font `mincho' in version `bold'
(Font)                  JY1/mc/m/n --> JY1/gt/m/n on input line 2448.
LaTeX Font Info:    Redeclaring symbol font `mincho' on input line 2506.
LaTeX Font Info:    Overwriting symbol font `mincho' in version `normal'
(Font)                  JY1/mc/m/n --> JY1/mc/m/n on input line 2506.
LaTeX Font Info:    Overwriting symbol font `mincho' in version `bold'
(Font)                  JY1/gt/m/n --> JY1/mc/m/n on input line 2506.
LaTeX Font Info:    Overwriting symbol font `mincho' in version `bold'
(Font)                  JY1/mc/m/n --> JY1/gt/m/n on input line 2506.
LaTeX Font Info:    Redeclaring math alphabet \mathgt on input line 2506.
LaTeX Font Info:    Overwriting math alphabet `\mathgt' in version `normal'
(Font)                  JY1/gt/m/n --> JY1/gt/m/n on input line 2506.
LaTeX Font Info:    Overwriting math alphabet `\mathgt' in version `bold'
(Font)                  JY1/gt/m/n --> JY1/gt/m/n on input line 2506.
LaTeX Info: Redefining \mc on input line 2514.
LaTeX Info: Redefining \gt on input line 2515.
\bibindent=\dimen130
\c@profile=\count101
\mathindent=\dimen131
\@minsofar=\count102
\@min=\count103
\@cite@temp=\count104
) (/usr/local/texlive/2019/texmf-dist/tex/latex/graphics/graphicx.sty
Package: graphicx 2017/06/01 v1.1a Enhanced LaTeX Graphics (DPC,SPQR)

(/usr/local/texlive/2019/texmf-dist/tex/latex/graphics/keyval.sty
Package: keyval 2014/10/28 v1.15 key=value parser (DPC)
\KV@toks@=\toks16
)
(/usr/local/texlive/2019/texmf-dist/tex/latex/graphics/graphics.sty
Package: graphics 2017/06/25 v1.2c Standard LaTeX Graphics (DPC,SPQR)

(/usr/local/texlive/2019/texmf-dist/tex/latex/graphics/trig.sty
Package: trig 2016/01/03 v1.10 sin cos tan (DPC)
)
(/usr/local/texlive/2019/texmf-dist/tex/latex/graphics-cfg/graphics.cfg
File: graphics.cfg 2016/06/04 v1.11 sample graphics configuration
)
Package graphics Info: Driver file: dvipdfmx.def on input line 99.

(/usr/local/texlive/2019/texmf-dist/tex/latex/graphics-def/dvipdfmx.def
File: dvipdfmx.def 2017/06/24 v5.0g Graphics/color driver for dvipdfmx
))
\Gin@req@height=\dimen132
\Gin@req@width=\dimen133
)
(/usr/local/texlive/2019/texmf-dist/tex/latex/url/url.sty
\Urlmuskip=\muskip10
Package: url 2013/09/16  ver 3.4  Verb mode for urls, etc.
)
(/usr/local/texlive/2019/texmf-dist/tex/latex/paralist/paralist.sty
Package: paralist 2017/01/22 v2.7 Extended list environments
\pltopsep=\skip44
\plpartopsep=\skip45
\plitemsep=\skip46
\plparsep=\skip47
\pl@lab=\toks17
)
(/usr/local/texlive/2019/texmf-dist/tex/latex/nidanfloat/nidanfloat.sty
Package: nidanfloat 2018/07/28 v2.9 Put double-floats at top/bottom within twoc
olumn mode
\c@dblbotnumber=\count105
\@dblbotroom=\dimen134
\@dblbotnum=\count106
\@floatht=\dimen135
\@fixht=\dimen136
\@rightfixht=\dimen137
\@combinebox=\box48
)
(/usr/local/texlive/2019/texmf-dist/tex/latex/ascmac/ascmac.sty
Package: ascmac 2018/03/09 v2.0h ascmac wrapper (community edition) 

(/usr/local/texlive/2019/texmf-dist/tex/latex/ascmac/tascmac.sty
Package: tascmac 2018/03/09 v2.0h ascmac package (community edition) 
\@savetbaselineshift=\dimen138
\@saveybaselineshift=\dimen139
\scb@x=\box49
\scscb@x=\box50
\@bw=\dimen140
\@nbox=\box51
\@nbody=\box52
\@scw=\dimen141
\ascmac@hoboxa=\box53
\ascmac@hoboxb=\box54
\@itemh=\dimen142
\@iboxpos=\toks18
\@iboxstr=\box55
\@bwsp=\box56
\@@bwsp=\box57
\@bcal=\count107
\shaderule=\dimen143
))
(/usr/local/texlive/2019/texmf-dist/tex/latex/fancybox/fancybox.sty
Package: fancybox 2010/05/15 1.4

Style option: `fancybox' v1.4 <2010/05/15> (tvz)
\@fancybox=\box58
\shadowsize=\dimen144
\@Sbox=\box59
\do@VerbBox=\toks19
\the@fancyput=\toks20
\this@fancyput=\toks21
\EndVerbatimTokens=\toks22
\Verbatim@Outfile=\write3
\Verbatim@Infile=\read1
) (/usr/local/texlive/2019/texmf-dist/tex/latex/amsmath/amsmath.sty
Package: amsmath 2018/12/01 v2.17b AMS math features
\@mathmargin=\skip48

For additional information on amsmath, use the `?' option.
(/usr/local/texlive/2019/texmf-dist/tex/latex/amsmath/amstext.sty
Package: amstext 2000/06/29 v2.01 AMS text

(/usr/local/texlive/2019/texmf-dist/tex/latex/amsmath/amsgen.sty
File: amsgen.sty 1999/11/30 v2.0 generic functions
\@emptytoks=\toks23
\ex@=\dimen145
))
(/usr/local/texlive/2019/texmf-dist/tex/latex/amsmath/amsbsy.sty
Package: amsbsy 1999/11/29 v1.2d Bold Symbols
\pmbraise@=\dimen146
)
(/usr/local/texlive/2019/texmf-dist/tex/latex/amsmath/amsopn.sty
Package: amsopn 2016/03/08 v2.02 operator names
)
\inf@bad=\count108
LaTeX Info: Redefining \frac on input line 223.
\uproot@=\count109
\leftroot@=\count110
LaTeX Info: Redefining \overline on input line 385.
\classnum@=\count111
\DOTSCASE@=\count112
LaTeX Info: Redefining \ldots on input line 482.
LaTeX Info: Redefining \dots on input line 485.
LaTeX Info: Redefining \cdots on input line 606.
\Mathstrutbox@=\box60
\strutbox@=\box61
\big@size=\dimen147
LaTeX Font Info:    Redeclaring font encoding OML on input line 729.
LaTeX Font Info:    Redeclaring font encoding OMS on input line 730.
\macc@depth=\count113
\c@MaxMatrixCols=\count114
\dotsspace@=\muskip11
\c@parentequation=\count115
\dspbrk@lvl=\count116
\tag@help=\toks24
\row@=\count117
\column@=\count118
\maxfields@=\count119
\andhelp@=\toks25
\eqnshift@=\dimen148
\alignsep@=\dimen149
\tagshift@=\dimen150
\tagwidth@=\dimen151
\totwidth@=\dimen152
\lineht@=\dimen153
\@envbody=\toks26
\multlinegap=\skip49
\multlinetaggap=\skip50
\mathdisplay@stack=\toks27
LaTeX Info: Redefining \[ on input line 2844.
LaTeX Info: Redefining \] on input line 2845.
)
(/usr/local/texlive/2019/texmf-dist/tex/latex/breqn/breqn.sty
(/usr/local/texlive/2019/texmf-dist/tex/latex/l3kernel/expl3.sty
Package: expl3 2019-05-07 L3 programming layer (loader) 

(/usr/local/texlive/2019/texmf-dist/tex/latex/l3kernel/expl3-code.tex
Package: expl3 2019-05-07 L3 programming layer (code)
\c_max_int=\count120
\l_tmpa_int=\count121
\l_tmpb_int=\count122
\g_tmpa_int=\count123
\g_tmpb_int=\count124
\g__kernel_prg_map_int=\count125
\c__ior_term_ior=\count126
\c_log_iow=\count127
\l_iow_line_count_int=\count128
\l__iow_line_target_int=\count129
\l__iow_one_indent_int=\count130
\l__iow_indent_int=\count131
\c_zero_dim=\dimen154
\c_max_dim=\dimen155
\l_tmpa_dim=\dimen156
\l_tmpb_dim=\dimen157
\g_tmpa_dim=\dimen158
\g_tmpb_dim=\dimen159
\c_zero_skip=\skip51
\c_max_skip=\skip52
\l_tmpa_skip=\skip53
\l_tmpb_skip=\skip54
\g_tmpa_skip=\skip55
\g_tmpb_skip=\skip56
\c_zero_muskip=\muskip12
\c_max_muskip=\muskip13
\l_tmpa_muskip=\muskip14
\l_tmpb_muskip=\muskip15
\g_tmpa_muskip=\muskip16
\g_tmpb_muskip=\muskip17
\l_keys_choice_int=\count132
\l__intarray_loop_int=\count133
\c__intarray_sp_dim=\dimen160
\g__intarray_font_int=\count134
\c__fp_leading_shift_int=\count135
\c__fp_middle_shift_int=\count136
\c__fp_trailing_shift_int=\count137
\c__fp_big_leading_shift_int=\count138
\c__fp_big_middle_shift_int=\count139
\c__fp_big_trailing_shift_int=\count140
\c__fp_Bigg_leading_shift_int=\count141
\c__fp_Bigg_middle_shift_int=\count142
\c__fp_Bigg_trailing_shift_int=\count143
\c__kernel_randint_max_int=\count144
\g__fp_array_int=\count145
\l__fp_array_loop_int=\count146
\l__sort_length_int=\count147
\l__sort_min_int=\count148
\l__sort_top_int=\count149
\l__sort_max_int=\count150
\l__sort_true_max_int=\count151
\l__sort_block_int=\count152
\l__sort_begin_int=\count153
\l__sort_end_int=\count154
\l__sort_A_int=\count155
\l__sort_B_int=\count156
\l__sort_C_int=\count157
\l__tl_analysis_normal_int=\count158
\l__tl_analysis_index_int=\count159
\l__tl_analysis_nesting_int=\count160
\l__tl_analysis_type_int=\count161
\l__regex_internal_a_int=\count162
\l__regex_internal_b_int=\count163
\l__regex_internal_c_int=\count164
\l__regex_balance_int=\count165
\l__regex_group_level_int=\count166
\l__regex_mode_int=\count167
\c__regex_cs_in_class_mode_int=\count168
\c__regex_cs_mode_int=\count169
\l__regex_catcodes_int=\count170
\l__regex_default_catcodes_int=\count171
\c__regex_catcode_D_int=\count172
\c__regex_catcode_S_int=\count173
\c__regex_catcode_L_int=\count174
\c__regex_catcode_O_int=\count175
\c__regex_catcode_A_int=\count176
\c__regex_all_catcodes_int=\count177
\l__regex_show_lines_int=\count178
\l__regex_min_state_int=\count179
\l__regex_max_state_int=\count180
\l__regex_left_state_int=\count181
\l__regex_right_state_int=\count182
\l__regex_capturing_group_int=\count183
\l__regex_min_pos_int=\count184
\l__regex_max_pos_int=\count185
\l__regex_curr_pos_int=\count186
\l__regex_start_pos_int=\count187
\l__regex_success_pos_int=\count188
\l__regex_curr_char_int=\count189
\l__regex_curr_catcode_int=\count190
\l__regex_last_char_int=\count191
\l__regex_case_changed_char_int=\count192
\l__regex_curr_state_int=\count193
\l__regex_step_int=\count194
\l__regex_min_active_int=\count195
\l__regex_max_active_int=\count196
\l__regex_replacement_csnames_int=\count197
\l__regex_match_count_int=\count198
\l__regex_min_submatch_int=\count199
\l__regex_submatch_int=\count266
\l__regex_zeroth_submatch_int=\count267
\g__regex_trace_regex_int=\count268
\c_empty_box=\box62
\l_tmpa_box=\box63
\l_tmpb_box=\box64
\g_tmpa_box=\box65
\g_tmpb_box=\box66
\l__box_top_dim=\dimen161
\l__box_bottom_dim=\dimen162
\l__box_left_dim=\dimen163
\l__box_right_dim=\dimen164
\l__box_top_new_dim=\dimen165
\l__box_bottom_new_dim=\dimen166
\l__box_left_new_dim=\dimen167
\l__box_right_new_dim=\dimen168
\l__box_internal_box=\box67
\l__coffin_internal_box=\box68
\l__coffin_internal_dim=\dimen169
\l__coffin_offset_x_dim=\dimen170
\l__coffin_offset_y_dim=\dimen171
\l__coffin_x_dim=\dimen172
\l__coffin_y_dim=\dimen173
\l__coffin_x_prime_dim=\dimen174
\l__coffin_y_prime_dim=\dimen175
\c_empty_coffin=\box69
\l__coffin_aligned_coffin=\box70
\l__coffin_aligned_internal_coffin=\box71
\l_tmpa_coffin=\box72
\l_tmpb_coffin=\box73
\g_tmpa_coffin=\box74
\g_tmpb_coffin=\box75
\l__coffin_bounding_shift_dim=\dimen176
\l__coffin_left_corner_dim=\dimen177
\l__coffin_right_corner_dim=\dimen178
\l__coffin_bottom_corner_dim=\dimen179
\l__coffin_top_corner_dim=\dimen180
\l__coffin_scaled_total_height_dim=\dimen181
\l__coffin_scaled_width_dim=\dimen182
\c__coffin_empty_coffin=\box76
\l__coffin_display_coffin=\box77
\l__coffin_display_coord_coffin=\box78
\l__coffin_display_pole_coffin=\box79
\l__coffin_display_offset_dim=\dimen183
\l__coffin_display_x_dim=\dimen184
\l__coffin_display_y_dim=\dimen185
\g__file_internal_ior=\read2
\l__seq_internal_a_int=\count269
\l__seq_internal_b_int=\count270
\c__deprecation_minus_one=\count271
)
(/usr/local/texlive/2019/texmf-dist/tex/latex/l3kernel/l3dvipdfmx.def
File: l3dvipdfmx.def 2019-04-06 v L3 Experimental driver: dvipdfmx
\g__driver_image_int=\count272
\l__driver_pdf_tmp_box=\box80
\g__driver_pdf_object_int=\count273
\g__driver_pdf_annotation_int=\count274
))
Package: breqn 2018/09/14 v0.98f Breaking equations

(/usr/local/texlive/2019/texmf-dist/tex/latex/breqn/flexisym.sty
Package: flexisym 2017/01/27 v0.98e Make math characters macros
LaTeX Info: Redefining \textprime on input line 300.
LaTeX Info: Redefining \not on input line 358.

(/usr/local/texlive/2019/texmf-dist/tex/latex/breqn/cmbase.sym
File: cmbase.sym 2007/12/19 v0.92
LaTeX Info: Redefining \hbar on input line 325.
LaTeX Info: Redefining \surd on input line 327.
LaTeX Info: Redefining \angle on input line 335.
LaTeX Info: Redefining \neq on input line 336.
LaTeX Info: Redefining \mapsto on input line 337.
LaTeX Info: Redefining \cong on input line 338.
LaTeX Info: Redefining \notin on input line 341.
LaTeX Info: Redefining \rightleftharpoons on input line 342.
LaTeX Info: Redefining \doteq on input line 343.
LaTeX Info: Redefining \hookrightarrow on input line 344.
LaTeX Info: Redefining \hookleftarrow on input line 345.
LaTeX Info: Redefining \bowtie on input line 346.
LaTeX Info: Redefining \models on input line 347.
LaTeX Info: Redefining \Longrightarrow on input line 348.
LaTeX Info: Redefining \longrightarrow on input line 349.
LaTeX Info: Redefining \Longleftarrow on input line 350.
LaTeX Info: Redefining \longleftarrow on input line 351.
LaTeX Info: Redefining \longmapsto on input line 352.
LaTeX Info: Redefining \longleftrightarrow on input line 353.
LaTeX Info: Redefining \Longleftrightarrow on input line 354.
LaTeX Info: Redefining \cdots on input line 358.
LaTeX Info: Redefining \vdots on input line 361.
LaTeX Info: Redefining \ddots on input line 366.
)
(/usr/local/texlive/2019/texmf-dist/tex/latex/breqn/mathstyle.sty
Package: mathstyle 2017/01/27 0.98e Tracking mathstyle implicitly
LaTeX Info: Redefining \displaystyle on input line 93.
LaTeX Info: Redefining \textstyle on input line 95.
LaTeX Info: Redefining \scriptstyle on input line 97.
LaTeX Info: Redefining \scriptscriptstyle on input line 99.
LaTeX Info: Redefining \genfrac on input line 145.
))
(/usr/local/texlive/2019/texmf-dist/tex/latex/tools/calc.sty
Package: calc 2017/05/25 v4.3 Infix arithmetic (KKT,FJ)
\calc@Acount=\count275
\calc@Bcount=\count276
\calc@Adimen=\dimen186
\calc@Bdimen=\dimen187
\calc@Askip=\skip57
\calc@Bskip=\skip58
LaTeX Info: Redefining \setlength on input line 80.
LaTeX Info: Redefining \addtolength on input line 81.
\calc@Ccount=\count277
\calc@Cskip=\skip59
)
\inf@bad=\count278
\maxint=\count279
\listwidth=\dimen188
\eqnumsep=\dimen189
\eqmargin=\dimen190
\eqlinespacing=\skip60
\eqlineskip=\skip61
\eqlineskiplimit=\dimen191
\eqbinoffset=\muskip18
\eqdelimoffset=\muskip19
\eqindentstep=\dimen192
\eqstyle=\toks28
\eqbreakdepth=\count280
\eqinterlinepenalty=\count281
\intereqpenalty=\count282
\intereqskip=\skip62
\prerelpenalty=\count283
\prebinoppenalty=\count284
\Dmedmuskip=\muskip20
\Dthickmuskip=\muskip21
\eqleftskip=\skip63
\eqrightskip=\skip64
\eq@vspan=\skip65
\eq@binoffset=\muskip22
\EQ@box=\box81
\EQ@copy=\box82
\EQ@numbox=\box83
\eq@wdNum=\dimen193
\GRP@numbox=\box84
\grp@wdNum=\dimen194
\eq@lines=\count285
\eq@curline=\count286
\eq@badness=\count287
\EQ@vims=\count288
\eq@dp=\dimen195
\eq@wdL=\dimen196
\eq@wdT=\dimen197
\eq@wdMin=\dimen198
\grp@wdL=\dimen199
\grp@wdR=\dimen256
\grp@wdT=\dimen257
\eq@wdRmax=\dimen258
\eq@firstht=\dimen259
\eq@wdCond=\dimen260
\eq@indentstep=\dimen261
\eq@linewidth=\dimen262
\grp@linewidth=\dimen263
\eq@hshift=\dimen264
\eq@given@sidespace=\dimen265
\eq@final@linecount=\count289
\eq@wdR=\dimen266
\EQ@continue=\toks29
\lr@level=\count290
\GRP@queue=\toks30
\GRP@box=\box85
\GRP@wholebox=\box86
\darraycolsep=\skip66
\cur@row=\count291
\cur@col=\count292
\conditionsep=\skip67
)
(/usr/local/texlive/2019/texmf-dist/tex/latex/amsfonts/amssymb.sty
Package: amssymb 2013/01/14 v3.01 AMS font symbols

(/usr/local/texlive/2019/texmf-dist/tex/latex/amsfonts/amsfonts.sty
Package: amsfonts 2013/01/14 v3.01 Basic AMSFonts support
\symAMSa=\mathgroup5
\symAMSb=\mathgroup6
LaTeX Font Info:    Overwriting math alphabet `\mathfrak' in version `bold'
(Font)                  U/euf/m/n --> U/euf/b/n on input line 106.
))
(/usr/local/texlive/2019/texmf-dist/tex/latex/psnfss/pifont.sty
Package: pifont 2005/04/12 PSNFSS-v9.2a Pi font support (SPQR) 

(I search kanjifont definition file: . . ) (I search font definition file: . .
. . . . . )
LaTeX Font Info:    Try loading font information for U+pzd on input line 63.
 (/usr/local/texlive/2019/texmf-dist/tex/latex/psnfss/upzd.fd
File: upzd.fd 2001/06/04 font definitions for U/pzd.
)
(I search kanjifont definition file: . . ) (I search font definition file: . .
. . . . . )
LaTeX Font Info:    Try loading font information for U+psy on input line 64.
 (/usr/local/texlive/2019/texmf-dist/tex/latex/psnfss/upsy.fd
File: upsy.fd 2001/06/04 font definitions for U/psy.
))
(/usr/local/texlive/2019/texmf-dist/tex/latex/multirow/multirow.sty
Package: multirow 2019/01/01 v2.4 Span multiple rows of a table
\multirow@colwidth=\skip68
\multirow@cntb=\count293
\multirow@dima=\skip69
\bigstrutjot=\dimen267
)
(/usr/local/texlive/2019/texmf-dist/tex/latex/comment/comment.sty
\CommentStream=\write4

Excluding comment 'comment') (./hirano_rinkou0512.aux

LaTeX Warning: Label `ss' multiply defined.

)
\openout1 = `hirano_rinkou0512.aux'.

LaTeX Font Info:    Checking defaults for OML/cmm/m/it on input line 30.
LaTeX Font Info:    ... okay on input line 30.
LaTeX Font Info:    Checking defaults for T1/cmr/m/n on input line 30.
LaTeX Font Info:    ... okay on input line 30.
LaTeX Font Info:    Checking defaults for OT1/cmr/m/n on input line 30.
LaTeX Font Info:    ... okay on input line 30.
LaTeX Font Info:    Checking defaults for OMS/cmsy/m/n on input line 30.
LaTeX Font Info:    ... okay on input line 30.
LaTeX Font Info:    Checking defaults for OMX/cmex/m/n on input line 30.
LaTeX Font Info:    ... okay on input line 30.
LaTeX Font Info:    Checking defaults for U/cmr/m/n on input line 30.
LaTeX Font Info:    ... okay on input line 30.
LaTeX Font Info:    Checking defaults for JY1/mc/m/n on input line 30.
LaTeX Font Info:    ... okay on input line 30.
LaTeX Font Info:    Checking defaults for JT1/mc/m/n on input line 30.
LaTeX Font Info:    ... okay on input line 30.
LaTeX Font Info:    External font `min10 at13.307pt' loaded for size
(Font)              <12> on input line 32.
LaTeX Font Info:    External font `min10 at11.089pt' loaded for size
(Font)              <10.95> on input line 32.
LaTeX Font Info:    External font `min8 at8.1318pt' loaded for size
(Font)              <8> on input line 32.
LaTeX Font Info:    External font `min6 at6.6533pt' loaded for size
(Font)              <6> on input line 32.
LaTeX Font Info:    Try loading font information for U+msa on input line 32.
 (/usr/local/texlive/2019/texmf-dist/tex/latex/amsfonts/umsa.fd
File: umsa.fd 2013/01/14 v3.01 AMS symbols A
)
LaTeX Font Info:    Try loading font information for U+msb on input line 32.

(/usr/local/texlive/2019/texmf-dist/tex/latex/amsfonts/umsb.fd
File: umsb.fd 2013/01/14 v3.01 AMS symbols B
)
LaTeX Font Info:    External font `min10 at9.6104pt' loaded for size
(Font)              <10> on input line 32.
LaTeX Font Info:    External font `min5 at5.1748pt' loaded for size
(Font)              <5> on input line 32.
LaTeX Font Info:    Font shape `JT1/mc/bx/n' in size <10.95> not available
(Font)              Font shape `JT1/gt/m/n' tried instead on input line 34.
LaTeX Font Info:    External font `goth10 at11.089pt' loaded for size
(Font)              <10.95> on input line 34.
LaTeX Font Info:    Font shape `JT1/mc/bx/n' in size <9> not available
(Font)              Font shape `JT1/gt/m/n' tried instead on input line 43.
LaTeX Font Info:    External font `goth9 at8.8711pt' loaded for size
(Font)              <9> on input line 43.

! Missing $ inserted.
<inserted text> 
                $
l.50 
     
? q
OK, entering \batchmode...
! Display math should end with $$.
<to be read again> 
                   \par 
l.50 
     
The `$' that I just saw supposedly matches a previous `$$'.
So I shall assume that you typed `$$' both times.


! LaTeX Error: Bad math environment delimiter.

See the LaTeX manual or LaTeX Companion for explanation.
Type  H <return>  for immediate help.
 ...                                              
                                                  
l.57 \]
       
Your command was ignored.
Type  I <command> <return>  to replace it with another command,
or  <return>  to continue without it.

! Missing $ inserted.
<inserted text> 
                $
l.57 \]
       
I've inserted something that you may have forgotten.
(See the <inserted text> above.)
With luck, this will get me unwedged. But if you
really didn't forget anything, try typing `2' now; then
my insertion and my current dilemma will both disappear.

! Display math should end with $$.
<to be read again> 
                   \endgroup 
l.57 \]
       
The `$' that I just saw supposedly matches a previous `$$'.
So I shall assume that you typed `$$' both times.

LaTeX Font Info:    External font `min7 at7.3926pt' loaded for size
(Font)              <7> on input line 69.
File: Screenshot.png Graphic file (type bmp)
<Screenshot.png>

Overfull \hbox (22.52328pt too wide) in paragraph at lines 71--72
 [][] 
 []

File: Screenshot2.png Graphic file (type bmp)
<Screenshot2.png>

Overfull \hbox (11.08043pt too wide) in paragraph at lines 77--78
 [][] 
 []


LaTeX Warning: File `structure.png' not found on input line 83.


! LaTeX Error: Cannot determine size of graphic in structure.xbb (no BoundingBo
x).

See the LaTeX manual or LaTeX Companion for explanation.
Type  H <return>  for immediate help.
 ...                                              
                                                  
l.83 \includegraphics[scale = 0.25]{structure.png}
                                                  
Try typing  <return>  to proceed.
If that doesn't work, type  X <return>  to quit.

File: structure.png Graphic file (type bmp)
<structure.png>
LaTeX Font Info:    Try loading font information for OMS+cmr on input line 105.


(/usr/local/texlive/2019/texmf-dist/tex/latex/base/omscmr.fd
File: omscmr.fd 2014/09/29 v2.5h Standard LaTeX font definitions
)
LaTeX Font Info:    Font shape `OMS/cmr/m/n' in size <9> not available
(Font)              Font shape `OMS/cmsy/m/n' tried instead on input line 105.
LaTeX Font Info:    External font `min10 at17.742pt' loaded for size
(Font)              <17.28> on input line 107.
LaTeX Font Info:    Font shape `JT1/mc/bx/n' in size <7> not available
(Font)              Font shape `JT1/gt/m/n' tried instead on input line 107.
LaTeX Font Info:    External font `goth7 at7.3926pt' loaded for size
(Font)              <7> on input line 107.
 [1


]
Overfull \hbox (8.21234pt too wide) in paragraph at lines 121--122
[]\OT1/cmr/m/n/7 IPv4.GLOBAL,https://auctions.ipv4.global/prior-sales 
 []


Overfull \hbox (67.24533pt too wide) in paragraph at lines 127--128
[]\OT1/cmr/m/n/7 University of Ore-gon Route Views Project\JY1/mc/m/n/7 ， \OT1
/cmr/m/n/7 http://www.routeviews.org/\JY1/mc/m/n/7 ，
 []

 [2] (./hirano_rinkou0512.aux)

LaTeX Warning: There were multiply-defined labels.

 ) 
Here is how much of TeX's memory you used:
 12203 strings out of 493223
 212864 string characters out of 6144416
 261490 words of memory out of 5000000
 16102 multiletter control sequences out of 15000+600000
 551135 words of font info for 99 fonts, out of 8000000 for 9000
 929 hyphenation exceptions out of 8191
 36i,10n,35p,373b,369s stack positions out of 5000i,500n,10000p,200000b,80000s

Output written on hirano_rinkou0512.dvi (2 pages, 8596 bytes).
