This is e-pTeX, Version 3.14159265-p3.8.2-190131-2.6 (utf8.euc) (TeX Live 2019) (preloaded format=platex 2020.4.6)  16 APR 2020 19:46
entering extended mode
 restricted \write18 enabled.
 %&-line parsing enabled.
**rinkou
(./rinkou.tex
pLaTeX2e <2019-04-06> (based on LaTeX2e <2018-12-01>)
(./ieicej.cls
Document Class: ieicej 2000/11/02 v1.1 for Transactions of IEICE
\@JQ=\dimen118
\@Q=\dimen119
\@EM=\dimen120
\c@@paper=\count83
LaTeX Font Info:    External font `min9 at8.8711pt' loaded for size
(Font)              <9> on input line 283.
\@authorlist=\toks15
\@authorcnt=\count84
\@alcnt=\count85
\p@alcnt=\count86
\@totalnumber=\count87
\authornamesep=\dimen121
\@spcnt=\count88
\alignorder=\count89
\totalnumberm@ne=\count90
\@authorcntp@ne=\count91
\chk@alcnt=\count92
\chk@p@alcnt=\count93
\eabstractbox=\box43
\ekeywordbox=\box44
\Pauthorsep=\dimen122
\titlepagebaselineskip=\dimen123
\abstractbox=\box45
\keywordbox=\box46
\Lauthorsep=\dimen124
\LPauthorsep=\dimen125
\c@section=\count94
\c@subsection=\count95
\c@subsubsection=\count96
\c@paragraph=\count97
\c@subparagraph=\count98
LaTeX Font Info:    Font shape `JT1/gt/b/n' in size <10.34961> not available
(Font)              Font shape `JT1/gt/m/n' tried instead on input line 2108.
LaTeX Font Info:    Font shape `JY1/gt/b/n' in size <10.34961> not available
(Font)              Font shape `JY1/gt/m/n' tried instead on input line 2108.
\@hlskip=\skip41
\verbatimleftmargin=\dimen126
\verbatimbaselineskip=\dimen127
\c@figure=\count99
\c@table=\count100
\abovecaptionskip=\skip42
\belowcaptionskip=\skip43
\@tempboxb=\box47
\capwidth=\dimen128
\ecapwidth=\dimen129
\symmincho=\mathgroup4
LaTeX Font Info:    Overwriting symbol font `mincho' in version `bold'
(Font)                  JY1/mc/m/n --> JY1/gt/m/n on input line 2448.
LaTeX Font Info:    Redeclaring symbol font `mincho' on input line 2506.
LaTeX Font Info:    Overwriting symbol font `mincho' in version `normal'
(Font)                  JY1/mc/m/n --> JY1/mc/m/n on input line 2506.
LaTeX Font Info:    Overwriting symbol font `mincho' in version `bold'
(Font)                  JY1/gt/m/n --> JY1/mc/m/n on input line 2506.
LaTeX Font Info:    Overwriting symbol font `mincho' in version `bold'
(Font)                  JY1/mc/m/n --> JY1/gt/m/n on input line 2506.
LaTeX Font Info:    Redeclaring math alphabet \mathgt on input line 2506.
LaTeX Font Info:    Overwriting math alphabet `\mathgt' in version `normal'
(Font)                  JY1/gt/m/n --> JY1/gt/m/n on input line 2506.
LaTeX Font Info:    Overwriting math alphabet `\mathgt' in version `bold'
(Font)                  JY1/gt/m/n --> JY1/gt/m/n on input line 2506.
LaTeX Info: Redefining \mc on input line 2514.
LaTeX Info: Redefining \gt on input line 2515.
\bibindent=\dimen130
\c@profile=\count101
\mathindent=\dimen131
\@minsofar=\count102
\@min=\count103
\@cite@temp=\count104
) (/usr/local/texlive/2019/texmf-dist/tex/latex/graphics/graphicx.sty
Package: graphicx 2017/06/01 v1.1a Enhanced LaTeX Graphics (DPC,SPQR)

(/usr/local/texlive/2019/texmf-dist/tex/latex/graphics/keyval.sty
Package: keyval 2014/10/28 v1.15 key=value parser (DPC)
\KV@toks@=\toks16
)
(/usr/local/texlive/2019/texmf-dist/tex/latex/graphics/graphics.sty
Package: graphics 2017/06/25 v1.2c Standard LaTeX Graphics (DPC,SPQR)

(/usr/local/texlive/2019/texmf-dist/tex/latex/graphics/trig.sty
Package: trig 2016/01/03 v1.10 sin cos tan (DPC)
)
(/usr/local/texlive/2019/texmf-dist/tex/latex/graphics-cfg/graphics.cfg
File: graphics.cfg 2016/06/04 v1.11 sample graphics configuration
)
Package graphics Info: Driver file: dvipdfmx.def on input line 99.

(/usr/local/texlive/2019/texmf-dist/tex/latex/graphics-def/dvipdfmx.def
File: dvipdfmx.def 2017/06/24 v5.0g Graphics/color driver for dvipdfmx
))
\Gin@req@height=\dimen132
\Gin@req@width=\dimen133
)
(/usr/local/texlive/2019/texmf-dist/tex/latex/url/url.sty
\Urlmuskip=\muskip10
Package: url 2013/09/16  ver 3.4  Verb mode for urls, etc.
)
(/usr/local/texlive/2019/texmf-dist/tex/latex/paralist/paralist.sty
Package: paralist 2017/01/22 v2.7 Extended list environments
\pltopsep=\skip44
\plpartopsep=\skip45
\plitemsep=\skip46
\plparsep=\skip47
\pl@lab=\toks17
)
(/usr/local/texlive/2019/texmf-dist/tex/latex/nidanfloat/nidanfloat.sty
Package: nidanfloat 2018/07/28 v2.9 Put double-floats at top/bottom within twoc
olumn mode
\c@dblbotnumber=\count105
\@dblbotroom=\dimen134
\@dblbotnum=\count106
\@floatht=\dimen135
\@fixht=\dimen136
\@rightfixht=\dimen137
\@combinebox=\box48
)
(/usr/local/texlive/2019/texmf-dist/tex/latex/ascmac/ascmac.sty
Package: ascmac 2018/03/09 v2.0h ascmac wrapper (community edition) 

(/usr/local/texlive/2019/texmf-dist/tex/latex/ascmac/tascmac.sty
Package: tascmac 2018/03/09 v2.0h ascmac package (community edition) 
\@savetbaselineshift=\dimen138
\@saveybaselineshift=\dimen139
\scb@x=\box49
\scscb@x=\box50
\@bw=\dimen140
\@nbox=\box51
\@nbody=\box52
\@scw=\dimen141
\ascmac@hoboxa=\box53
\ascmac@hoboxb=\box54
\@itemh=\dimen142
\@iboxpos=\toks18
\@iboxstr=\box55
\@bwsp=\box56
\@@bwsp=\box57
\@bcal=\count107
\shaderule=\dimen143
))
(/usr/local/texlive/2019/texmf-dist/tex/latex/fancybox/fancybox.sty
Package: fancybox 2010/05/15 1.4

Style option: `fancybox' v1.4 <2010/05/15> (tvz)
\@fancybox=\box58
\shadowsize=\dimen144
\@Sbox=\box59
\do@VerbBox=\toks19
\the@fancyput=\toks20
\this@fancyput=\toks21
\EndVerbatimTokens=\toks22
\Verbatim@Outfile=\write3
\Verbatim@Infile=\read1
) (/usr/local/texlive/2019/texmf-dist/tex/latex/amsmath/amsmath.sty
Package: amsmath 2018/12/01 v2.17b AMS math features
\@mathmargin=\skip48

For additional information on amsmath, use the `?' option.
(/usr/local/texlive/2019/texmf-dist/tex/latex/amsmath/amstext.sty
Package: amstext 2000/06/29 v2.01 AMS text

(/usr/local/texlive/2019/texmf-dist/tex/latex/amsmath/amsgen.sty
File: amsgen.sty 1999/11/30 v2.0 generic functions
\@emptytoks=\toks23
\ex@=\dimen145
))
(/usr/local/texlive/2019/texmf-dist/tex/latex/amsmath/amsbsy.sty
Package: amsbsy 1999/11/29 v1.2d Bold Symbols
\pmbraise@=\dimen146
)
(/usr/local/texlive/2019/texmf-dist/tex/latex/amsmath/amsopn.sty
Package: amsopn 2016/03/08 v2.02 operator names
)
\inf@bad=\count108
LaTeX Info: Redefining \frac on input line 223.
\uproot@=\count109
\leftroot@=\count110
LaTeX Info: Redefining \overline on input line 385.
\classnum@=\count111
\DOTSCASE@=\count112
LaTeX Info: Redefining \ldots on input line 482.
LaTeX Info: Redefining \dots on input line 485.
LaTeX Info: Redefining \cdots on input line 606.
\Mathstrutbox@=\box60
\strutbox@=\box61
\big@size=\dimen147
LaTeX Font Info:    Redeclaring font encoding OML on input line 729.
LaTeX Font Info:    Redeclaring font encoding OMS on input line 730.
\macc@depth=\count113
\c@MaxMatrixCols=\count114
\dotsspace@=\muskip11
\c@parentequation=\count115
\dspbrk@lvl=\count116
\tag@help=\toks24
\row@=\count117
\column@=\count118
\maxfields@=\count119
\andhelp@=\toks25
\eqnshift@=\dimen148
\alignsep@=\dimen149
\tagshift@=\dimen150
\tagwidth@=\dimen151
\totwidth@=\dimen152
\lineht@=\dimen153
\@envbody=\toks26
\multlinegap=\skip49
\multlinetaggap=\skip50
\mathdisplay@stack=\toks27
LaTeX Info: Redefining \[ on input line 2844.
LaTeX Info: Redefining \] on input line 2845.
)
(/usr/local/texlive/2019/texmf-dist/tex/latex/amsfonts/amssymb.sty
Package: amssymb 2013/01/14 v3.01 AMS font symbols

(/usr/local/texlive/2019/texmf-dist/tex/latex/amsfonts/amsfonts.sty
Package: amsfonts 2013/01/14 v3.01 Basic AMSFonts support
\symAMSa=\mathgroup5
\symAMSb=\mathgroup6
LaTeX Font Info:    Overwriting math alphabet `\mathfrak' in version `bold'
(Font)                  U/euf/m/n --> U/euf/b/n on input line 106.
))
(/usr/local/texlive/2019/texmf-dist/tex/latex/psnfss/pifont.sty
Package: pifont 2005/04/12 PSNFSS-v9.2a Pi font support (SPQR) 

(I search kanjifont definition file: . . ) (I search font definition file: . .
. . . . . )
LaTeX Font Info:    Try loading font information for U+pzd on input line 63.
 (/usr/local/texlive/2019/texmf-dist/tex/latex/psnfss/upzd.fd
File: upzd.fd 2001/06/04 font definitions for U/pzd.
)
(I search kanjifont definition file: . . ) (I search font definition file: . .
. . . . . )
LaTeX Font Info:    Try loading font information for U+psy on input line 64.
 (/usr/local/texlive/2019/texmf-dist/tex/latex/psnfss/upsy.fd
File: upsy.fd 2001/06/04 font definitions for U/psy.
))
(/usr/local/texlive/2019/texmf-dist/tex/latex/multirow/multirow.sty
Package: multirow 2019/01/01 v2.4 Span multiple rows of a table
\multirow@colwidth=\skip51
\multirow@cntb=\count120
\multirow@dima=\skip52
\bigstrutjot=\dimen154
)
(/usr/local/texlive/2019/texmf-dist/tex/latex/comment/comment.sty
\CommentStream=\write4

Excluding comment 'comment') (./rinkou.aux)
\openout1 = `rinkou.aux'.

LaTeX Font Info:    Checking defaults for OML/cmm/m/it on input line 29.
LaTeX Font Info:    ... okay on input line 29.
LaTeX Font Info:    Checking defaults for T1/cmr/m/n on input line 29.
LaTeX Font Info:    ... okay on input line 29.
LaTeX Font Info:    Checking defaults for OT1/cmr/m/n on input line 29.
LaTeX Font Info:    ... okay on input line 29.
LaTeX Font Info:    Checking defaults for OMS/cmsy/m/n on input line 29.
LaTeX Font Info:    ... okay on input line 29.
LaTeX Font Info:    Checking defaults for OMX/cmex/m/n on input line 29.
LaTeX Font Info:    ... okay on input line 29.
LaTeX Font Info:    Checking defaults for U/cmr/m/n on input line 29.
LaTeX Font Info:    ... okay on input line 29.
LaTeX Font Info:    Checking defaults for JY1/mc/m/n on input line 29.
LaTeX Font Info:    ... okay on input line 29.
LaTeX Font Info:    Checking defaults for JT1/mc/m/n on input line 29.
LaTeX Font Info:    ... okay on input line 29.
LaTeX Font Info:    External font `min10 at13.307pt' loaded for size
(Font)              <12> on input line 31.
LaTeX Font Info:    External font `min10 at11.089pt' loaded for size
(Font)              <10.95> on input line 31.
LaTeX Font Info:    External font `min8 at8.1318pt' loaded for size
(Font)              <8> on input line 31.
LaTeX Font Info:    External font `min6 at6.6533pt' loaded for size
(Font)              <6> on input line 31.
LaTeX Font Info:    Try loading font information for U+msa on input line 31.

(/usr/local/texlive/2019/texmf-dist/tex/latex/amsfonts/umsa.fd
File: umsa.fd 2013/01/14 v3.01 AMS symbols A
)
LaTeX Font Info:    Try loading font information for U+msb on input line 31.

(/usr/local/texlive/2019/texmf-dist/tex/latex/amsfonts/umsb.fd
File: umsb.fd 2013/01/14 v3.01 AMS symbols B
)
LaTeX Font Info:    External font `min10 at9.6104pt' loaded for size
(Font)              <10> on input line 31.
LaTeX Font Info:    External font `min5 at5.1748pt' loaded for size
(Font)              <5> on input line 31.
LaTeX Font Info:    Font shape `JT1/mc/bx/n' in size <10.95> not available
(Font)              Font shape `JT1/gt/m/n' tried instead on input line 33.
LaTeX Font Info:    External font `goth10 at11.089pt' loaded for size
(Font)              <10.95> on input line 33.
LaTeX Font Info:    Font shape `JT1/mc/bx/n' in size <9> not available
(Font)              Font shape `JT1/gt/m/n' tried instead on input line 43.
LaTeX Font Info:    External font `goth9 at8.8711pt' loaded for size
(Font)              <9> on input line 43.
LaTeX Font Info:    External font `min10 at17.742pt' loaded for size
(Font)              <17.28> on input line 65.
LaTeX Font Info:    External font `min7 at7.3926pt' loaded for size
(Font)              <7> on input line 65.
LaTeX Font Info:    Font shape `JT1/mc/bx/n' in size <7> not available
(Font)              Font shape `JT1/gt/m/n' tried instead on input line 65.
LaTeX Font Info:    External font `goth7 at7.3926pt' loaded for size
(Font)              <7> on input line 65.
 [1


]
File: Screenshot.png Graphic file (type bmp)
<Screenshot.png>

Overfull \hbox (6.75888pt too wide) in paragraph at lines 85--86
 [][] 
 []


LaTeX Warning: `h' float specifier changed to `ht'.

File: structure.png Graphic file (type bmp)
<structure.png>

Overfull \hbox (43.85068pt too wide) in paragraph at lines 110--111
 [][] 
 []

LaTeX Font Info:    Try loading font information for OMS+cmr on input line 118.

(/usr/local/texlive/2019/texmf-dist/tex/latex/base/omscmr.fd
File: omscmr.fd 2014/09/29 v2.5h Standard LaTeX font definitions
)
LaTeX Font Info:    Font shape `OMS/cmr/m/n' in size <9> not available
(Font)              Font shape `OMS/cmsy/m/n' tried instead on input line 118.
 [2]
Overfull \hbox (10.52838pt too wide) in paragraph at lines 133--134
[]\OT1/cmr/m/n/7 University of Ore-gon Route Views Project\JY1/mc/m/n/7 ， \OT1
/cmr/m/n/7 http://www\JY1/mc/m/n/7 ．
 []

[3

] (./rinkou.aux) ) 
Here is how much of TeX's memory you used:
 2491 strings out of 493223
 30289 string characters out of 6144416
 109553 words of memory out of 5000000
 6423 multiletter control sequences out of 15000+600000
 22437 words of font info for 89 fonts, out of 8000000 for 9000
 929 hyphenation exceptions out of 8191
 27i,10n,27p,500b,308s stack positions out of 5000i,500n,10000p,200000b,80000s

Output written on rinkou.dvi (3 pages, 12900 bytes).
